<?xml version="1.0" encoding="UTF-8"?>
<testsuite name="com.infinumcourse.IntegrationTest" tests="1" skipped="0" failures="0" errors="0" timestamp="2022-07-15T14:39:35" hostname="LAPTOP-1QL62F9C" time="0.089">
  <properties/>
  <testcase name="prviIntegracijski()" classname="com.infinumcourse.IntegrationTest" time="0.089"/>
  <system-out><![CDATA[DataSource(dbName=Moja_baza, username=PeroPeric, password=12345678)
]]></system-out>
  <system-err><![CDATA[Jul 15, 2022 4:39:35 PM org.springframework.test.context.support.AbstractTestContextBootstrapper getDefaultTestExecutionListenerClassNames
INFO: Loaded default TestExecutionListener class names from location [META-INF/spring.factories]: [org.springframework.test.context.web.ServletTestExecutionListener, org.springframework.test.context.support.DirtiesContextBeforeModesTestExecutionListener, org.springframework.test.context.event.ApplicationEventsTestExecutionListener, org.springframework.test.context.support.DependencyInjectionTestExecutionListener, org.springframework.test.context.support.DirtiesContextTestExecutionListener, org.springframework.test.context.transaction.TransactionalTestExecutionListener, org.springframework.test.context.jdbc.SqlScriptsTestExecutionListener, org.springframework.test.context.event.EventPublishingTestExecutionListener]
Jul 15, 2022 4:39:35 PM org.springframework.test.context.support.AbstractTestContextBootstrapper getTestExecutionListeners
INFO: Using TestExecutionListeners: [org.springframework.test.context.support.DirtiesContextBeforeModesTestExecutionListener@3081f72c, org.springframework.test.context.event.ApplicationEventsTestExecutionListener@3148f668, org.springframework.test.context.support.DependencyInjectionTestExecutionListener@6e005dc9, org.springframework.test.context.support.DirtiesContextTestExecutionListener@7ceb3185, org.springframework.test.context.event.EventPublishingTestExecutionListener@436c81a3]
]]></system-err>
</testsuite>
